<?xml version="1.0" encoding="UTF-8"?>
<!-- Generated by org.testng.reporters.JUnitReportReporter -->
<testsuite hostname="DESKTOP-MA8SSCS" failures="0" tests="15" name="TestSuite.RegressionTest" time="124.224" errors="0" timestamp="04 Oct 2021 05:50:38 GMT" skipped="0">
  <testcase classname="TestSuite.RegressionTest" name="test1" time="3.594"/>
  <testcase classname="TestSuite.RegressionTest" name="test2" time="8.775"/>
  <testcase classname="TestSuite.RegressionTest" name="test3" time="0.008"/>
  <testcase classname="TestSuite.RegressionTest" name="test4" time="40.939"/>
  <testcase classname="TestSuite.RegressionTest" name="test5" time="9.345"/>
  <testcase classname="TestSuite.RegressionTest" name="test6" time="8.267"/>
  <testcase classname="TestSuite.RegressionTest" name="test7" time="5.742"/>
  <testcase classname="TestSuite.RegressionTest" name="test8" time="7.453"/>
  <testcase classname="TestSuite.RegressionTest" name="test9" time="8.070"/>
  <testcase classname="TestSuite.RegressionTest" name="test10" time="2.041"/>
  <testcase classname="TestSuite.RegressionTest" name="test11" time="8.653"/>
  <testcase classname="TestSuite.RegressionTest" name="test12" time="7.745"/>
  <testcase classname="TestSuite.RegressionTest" name="test13" time="11.274"/>
  <testcase classname="TestSuite.RegressionTest" name="testing14" time="0.088"/>
  <testcase classname="TestSuite.RegressionTest" name="test15" time="2.230"/>
</testsuite> <!-- TestSuite.RegressionTest -->
