<?xml version="1.0" encoding="UTF-8"?>
<!-- Generated by org.testng.reporters.JUnitReportReporter -->
<testsuite hostname="DESKTOP-MA8SSCS" failures="0" tests="1" name="TestSuite.RegressionTest" time="29.957" errors="0" timestamp="02 Oct 2021 14:12:38 GMT" skipped="0">
  <testcase classname="TestSuite.RegressionTest" name="basic" time="29.957"/>
</testsuite> <!-- TestSuite.RegressionTest -->
