<?xml version="1.0" encoding="UTF-8"?>
<!-- Generated by org.testng.reporters.JUnitReportReporter -->
<testsuite hostname="DESKTOP-MA8SSCS" failures="0" tests="1" name="TestSuite.SmokeTest" time="7.613" errors="0" timestamp="02 Oct 2021 14:12:38 GMT" skipped="0">
  <testcase classname="TestSuite.SmokeTest" name="setup" time="7.613"/>
</testsuite> <!-- TestSuite.SmokeTest -->
