<?xml version="1.0" encoding="UTF-8"?>
<!-- Generated by org.testng.reporters.JUnitReportReporter -->
<testsuite hostname="DESKTOP-MA8SSCS" failures="0" tests="6" name="TestSuite.SmokeTest" time="47.125" errors="0" timestamp="03 Oct 2021 14:37:03 GMT" skipped="0">
  <testcase classname="TestSuite.SmokeTest" name="setup" time="2.150"/>
  <testcase classname="TestSuite.SmokeTest" name="testing1" time="7.753"/>
  <testcase classname="TestSuite.SmokeTest" name="newBikes" time="8.147"/>
  <testcase classname="TestSuite.SmokeTest" name="usedCars" time="13.251"/>
  <testcase classname="TestSuite.SmokeTest" name="login" time="14.280"/>
  <testcase classname="TestSuite.SmokeTest" name="lastStep" time="1.544"/>
</testsuite> <!-- TestSuite.SmokeTest -->
