<?xml version="1.0" encoding="UTF-8"?>
<!-- Generated by org.testng.reporters.JUnitReportReporter -->
<testsuite hostname="DESKTOP-MA8SSCS" failures="0" tests="15" name="TestSuite.RegressionTest" time="137.257" errors="0" timestamp="03 Oct 2021 15:20:57 GMT" skipped="0">
  <testcase classname="TestSuite.RegressionTest" name="test1" time="6.397"/>
  <testcase classname="TestSuite.RegressionTest" name="test2" time="27.748"/>
  <testcase classname="TestSuite.RegressionTest" name="test3" time="0.009"/>
  <testcase classname="TestSuite.RegressionTest" name="test4" time="36.576"/>
  <testcase classname="TestSuite.RegressionTest" name="test5" time="6.970"/>
  <testcase classname="TestSuite.RegressionTest" name="test6" time="7.236"/>
  <testcase classname="TestSuite.RegressionTest" name="test7" time="2.264"/>
  <testcase classname="TestSuite.RegressionTest" name="test8" time="6.799"/>
  <testcase classname="TestSuite.RegressionTest" name="test9" time="18.173"/>
  <testcase classname="TestSuite.RegressionTest" name="test10" time="0.963"/>
  <testcase classname="TestSuite.RegressionTest" name="test11" time="6.279"/>
  <testcase classname="TestSuite.RegressionTest" name="test12" time="7.629"/>
  <testcase classname="TestSuite.RegressionTest" name="test13" time="8.186"/>
  <testcase classname="TestSuite.RegressionTest" name="testing14" time="0.090"/>
  <testcase classname="TestSuite.RegressionTest" name="test15" time="1.938"/>
</testsuite> <!-- TestSuite.RegressionTest -->
