<?xml version="1.0" encoding="UTF-8"?>
<!-- Generated by org.testng.reporters.JUnitReportReporter -->
<testsuite hostname="DESKTOP-MA8SSCS" failures="0" tests="15" name="TestSuite.RegressionTest" time="98.794" errors="0" timestamp="04 Oct 2021 06:09:22 GMT" skipped="0">
  <testcase classname="TestSuite.RegressionTest" name="test1" time="2.362"/>
  <testcase classname="TestSuite.RegressionTest" name="test2" time="7.833"/>
  <testcase classname="TestSuite.RegressionTest" name="test3" time="0.014"/>
  <testcase classname="TestSuite.RegressionTest" name="test4" time="8.817"/>
  <testcase classname="TestSuite.RegressionTest" name="test5" time="7.714"/>
  <testcase classname="TestSuite.RegressionTest" name="test6" time="7.187"/>
  <testcase classname="TestSuite.RegressionTest" name="test7" time="4.766"/>
  <testcase classname="TestSuite.RegressionTest" name="test8" time="9.496"/>
  <testcase classname="TestSuite.RegressionTest" name="test9" time="19.445"/>
  <testcase classname="TestSuite.RegressionTest" name="test10" time="0.958"/>
  <testcase classname="TestSuite.RegressionTest" name="test11" time="7.256"/>
  <testcase classname="TestSuite.RegressionTest" name="test12" time="10.171"/>
  <testcase classname="TestSuite.RegressionTest" name="test13" time="10.795"/>
  <testcase classname="TestSuite.RegressionTest" name="testing14" time="0.113"/>
  <testcase classname="TestSuite.RegressionTest" name="test15" time="1.867"/>
</testsuite> <!-- TestSuite.RegressionTest -->
