<?xml version="1.0" encoding="UTF-8"?>
<!-- Generated by org.testng.reporters.JUnitReportReporter -->
<testsuite hostname="DESKTOP-MA8SSCS" failures="0" tests="6" name="TestSuite.RegressionTest" time="102.331" errors="0" timestamp="2021-10-02T19:47:31 IST" skipped="0">
  <testcase classname="TestSuite.RegressionTest" name="basic" time="8.677"/>
  <system-out/>
  <testcase classname="TestSuite.RegressionTest" name="testing" time="0.009"/>
  <system-out/>
  <testcase classname="TestSuite.RegressionTest" name="testing1" time="55.052"/>
  <system-out/>
  <testcase classname="TestSuite.RegressionTest" name="testingCars" time="15.085"/>
  <system-out/>
  <testcase classname="TestSuite.RegressionTest" name="testingLogin" time="21.615"/>
  <system-out/>
  <testcase classname="TestSuite.RegressionTest" name="lastStep" time="1.893"/>
  <system-out/>
</testsuite> <!-- TestSuite.RegressionTest -->
