<?xml version="1.0" encoding="UTF-8"?>
<!-- Generated by org.testng.reporters.JUnitReportReporter -->
<testsuite hostname="DESKTOP-MA8SSCS" failures="0" tests="1" name="TestSuite.BikesTest" time="13.605" errors="0" timestamp="2021-09-27T23:32:40 IST" skipped="0">
  <testcase classname="TestSuite.BikesTest" name="testing" time="13.605"/>
  <system-out/>
</testsuite> <!-- TestSuite.BikesTest -->
