<?xml version="1.0" encoding="UTF-8"?>
<!-- Generated by org.testng.reporters.JUnitReportReporter -->
<testsuite hostname="DESKTOP-MA8SSCS" failures="0" tests="3" name="TestSuite.SmokeTest" time="6.390" errors="0" timestamp="2021-10-02T11:20:08 IST" skipped="0">
  <testcase classname="TestSuite.SmokeTest" name="setup" time="2.122"/>
  <system-out/>
  <testcase classname="TestSuite.SmokeTest" name="testing" time="2.656"/>
  <system-out/>
  <testcase classname="TestSuite.SmokeTest" name="lastStep" time="1.612"/>
  <system-out/>
</testsuite> <!-- TestSuite.SmokeTest -->
