<?xml version="1.0" encoding="UTF-8"?>
<!-- Generated by org.testng.reporters.JUnitReportReporter -->
<testsuite hostname="DESKTOP-MA8SSCS" failures="0" tests="1" name="TestSuite.UsedCarsTest" time="6.344" errors="0" timestamp="2021-09-27T23:32:40 IST" skipped="0">
  <testcase classname="TestSuite.UsedCarsTest" name="testingCars" time="6.344"/>
  <system-out/>
</testsuite> <!-- TestSuite.UsedCarsTest -->
